app/build/intermediates/manifest_merge_blame_file/release/manifest-merger-blame-release-report.txt
1<?xml version="1.0" encoding="utf-8"?>
2<manifest xmlns:android="http://schemas.android.com/apk/res/android"
3    package="com.example.projetopdmgrupo3"
4    android:versionCode="1"
5    android:versionName="1.0" >
6
7    <uses-sdk
8        android:minSdkVersion="27"
8-->src\main\AndroidManifest.xml
9        android:targetSdkVersion="30" />
9-->src\main\AndroidManifest.xml
10
11    <uses-permission android:name="android.permission.INTERNET" />
11-->src\main\AndroidManifest.xml:5:5-67
11-->src\main\AndroidManifest.xml:5:22-64
12    <uses-permission android:name="android.permission.ACCESS_NETWORK_STATE" />
12-->src\main\AndroidManifest.xml:6:5-79
12-->src\main\AndroidManifest.xml:6:22-76
13    <uses-permission android:name="android.permission.CAMERA" />
13-->src\main\AndroidManifest.xml:7:5-65
13-->src\main\AndroidManifest.xml:7:22-62
14
15    <uses-feature android:name="android.hardware.camera" />
15-->src\main\AndroidManifest.xml:9:5-60
15-->src\main\AndroidManifest.xml:9:19-57
16    <uses-feature android:name="android.hardware.camera.autofocus" />
16-->src\main\AndroidManifest.xml:10:5-70
16-->src\main\AndroidManifest.xml:10:19-67
17
18    <application
18-->src\main\AndroidManifest.xml:12:5-43:19
19        android:allowBackup="true"
19-->src\main\AndroidManifest.xml:13:9-35
20        android:appComponentFactory="androidx.core.app.CoreComponentFactory"
20-->[androidx.core:core:1.3.1] AndroidManifest.xml:24:18-86
21        android:extractNativeLibs="false"
22        android:icon="@mipmap/ic_launcher"
22-->src\main\AndroidManifest.xml:14:9-43
23        android:label="@string/app_name"
23-->src\main\AndroidManifest.xml:15:9-41
24        android:roundIcon="@mipmap/ic_launcher_round"
24-->src\main\AndroidManifest.xml:16:9-54
25        android:supportsRtl="true"
25-->src\main\AndroidManifest.xml:17:9-35
26        android:theme="@style/Theme.ProjetoPDMGrupo3" >
26-->src\main\AndroidManifest.xml:18:9-54
27        <activity
27-->src\main\AndroidManifest.xml:19:9-20:73
28            android:name="com.example.projetopdmgrupo3.Activities.CasoViewActivity"
28-->src\main\AndroidManifest.xml:19:19-62
29            android:theme="@style/Theme.ProjetoPDMGrupo3.NoActionBar" />
29-->src\main\AndroidManifest.xml:20:13-70
30        <activity
30-->src\main\AndroidManifest.xml:21:9-22:73
31            android:name="com.example.projetopdmgrupo3.Activities.FinalizarInspecaoActivity"
31-->src\main\AndroidManifest.xml:21:19-71
32            android:theme="@style/Theme.ProjetoPDMGrupo3.NoActionBar" />
32-->src\main\AndroidManifest.xml:22:13-70
33        <activity
33-->src\main\AndroidManifest.xml:23:9-25:73
34            android:name="com.example.projetopdmgrupo3.Activities.AdicionarCasoActivity"
34-->src\main\AndroidManifest.xml:24:13-61
35            android:theme="@style/Theme.ProjetoPDMGrupo3.NoActionBar" />
35-->src\main\AndroidManifest.xml:25:13-70
36        <activity
36-->src\main\AndroidManifest.xml:26:9-28:73
37            android:name="com.example.projetopdmgrupo3.Activities.InspecaoHomeActivity"
37-->src\main\AndroidManifest.xml:27:13-60
38            android:theme="@style/Theme.ProjetoPDMGrupo3.NoActionBar" />
38-->src\main\AndroidManifest.xml:28:13-70
39        <activity android:name="com.example.projetopdmgrupo3.Activities.ConfirmaObraActivity" />
39-->src\main\AndroidManifest.xml:29:9-69
39-->src\main\AndroidManifest.xml:29:19-66
40        <activity android:name="com.example.projetopdmgrupo3.Activities.QrCodeReaderActivity" />
40-->src\main\AndroidManifest.xml:30:9-69
40-->src\main\AndroidManifest.xml:30:19-66
41        <activity
41-->src\main\AndroidManifest.xml:31:9-33:73
42            android:name="com.example.projetopdmgrupo3.Activities.HomeActivity"
42-->src\main\AndroidManifest.xml:32:13-52
43            android:theme="@style/Theme.ProjetoPDMGrupo3.NoActionBar" />
43-->src\main\AndroidManifest.xml:33:13-70
44        <activity android:name="com.example.projetopdmgrupo3.Activities.LoginActivity" >
44-->src\main\AndroidManifest.xml:34:9-40:20
44-->src\main\AndroidManifest.xml:34:19-59
45            <intent-filter>
45-->src\main\AndroidManifest.xml:35:13-39:29
46                <action android:name="android.intent.action.MAIN" />
46-->src\main\AndroidManifest.xml:36:17-69
46-->src\main\AndroidManifest.xml:36:25-66
47
48                <category android:name="android.intent.category.LAUNCHER" />
48-->src\main\AndroidManifest.xml:38:17-77
48-->src\main\AndroidManifest.xml:38:27-74
49            </intent-filter>
50        </activity>
51
52        <service android:name="com.example.projetopdmgrupo3.server.MyService" />
52-->src\main\AndroidManifest.xml:42:9-52
52-->src\main\AndroidManifest.xml:42:18-50
53    </application>
54
55</manifest>